VREscapeMult/Temp/gradleOut/launcher/build/intermediates/manifest_merge_blame_file/release/manifest-merger-blame-release-report.txt
1<?xml version="1.0" encoding="utf-8"?>
2<!-- GENERATED BY UNITY. REMOVE THIS COMMENT TO PREVENT OVERWRITING WHEN EXPORTING AGAIN -->
3<manifest xmlns:android="http://schemas.android.com/apk/res/android"
4    package="com.DefaultCompany.VREscapeMult"
5    android:installLocation="auto"
6    android:versionCode="1"
7    android:versionName="0.1" >
8
9    <uses-sdk
10        android:minSdkVersion="24"
10-->src\main\AndroidManifest.xml
11        android:targetSdkVersion="29" />
11-->src\main\AndroidManifest.xml
12
13    <supports-screens
13-->src\main\AndroidManifest.xml:4:3-163
14        android:anyDensity="true"
14-->src\main\AndroidManifest.xml:4:135-160
15        android:largeScreens="true"
15-->src\main\AndroidManifest.xml:4:78-105
16        android:normalScreens="true"
16-->src\main\AndroidManifest.xml:4:49-77
17        android:smallScreens="true"
17-->src\main\AndroidManifest.xml:4:21-48
18        android:xlargeScreens="true" />
18-->src\main\AndroidManifest.xml:4:106-134
19
20    <uses-feature android:glEsVersion="0x00030000" />
20-->[:unityLibrary] AndroidManifest.xml:14:5-54
20-->[:unityLibrary] AndroidManifest.xml:14:19-51
21
22    <uses-permission android:name="android.permission.INTERNET" />
22-->[:unityLibrary] AndroidManifest.xml:16:5-67
22-->[:unityLibrary] AndroidManifest.xml:16:22-64
23    <uses-permission android:name="android.permission.RECORD_AUDIO" />
23-->[:unityLibrary] AndroidManifest.xml:17:5-71
23-->[:unityLibrary] AndroidManifest.xml:17:22-68
24    <uses-permission android:name="android.permission.MODIFY_AUDIO_SETTINGS" />
24-->[:unityLibrary] AndroidManifest.xml:18:5-80
24-->[:unityLibrary] AndroidManifest.xml:18:22-77
25
26    <uses-feature
26-->[:unityLibrary] AndroidManifest.xml:20:5-22:36
27        android:name="android.hardware.microphone"
27-->[:unityLibrary] AndroidManifest.xml:21:9-51
28        android:required="false" />
28-->[:unityLibrary] AndroidManifest.xml:22:9-33
29    <uses-feature
29-->[:unityLibrary] AndroidManifest.xml:23:5-25:36
30        android:name="android.hardware.touchscreen"
30-->[:unityLibrary] AndroidManifest.xml:24:9-52
31        android:required="false" />
31-->[:unityLibrary] AndroidManifest.xml:25:9-33
32    <uses-feature
32-->[:unityLibrary] AndroidManifest.xml:26:5-28:36
33        android:name="android.hardware.touchscreen.multitouch"
33-->[:unityLibrary] AndroidManifest.xml:27:9-63
34        android:required="false" />
34-->[:unityLibrary] AndroidManifest.xml:28:9-33
35    <uses-feature
35-->[:unityLibrary] AndroidManifest.xml:29:5-31:36
36        android:name="android.hardware.touchscreen.multitouch.distinct"
36-->[:unityLibrary] AndroidManifest.xml:30:9-72
37        android:required="false" />
37-->[:unityLibrary] AndroidManifest.xml:31:9-33
38    <uses-feature
38-->[:unityLibrary] AndroidManifest.xml:32:5-35:31
39        android:name="android.hardware.vr.headtracking"
39-->[:unityLibrary] AndroidManifest.xml:33:9-56
40        android:required="true"
40-->[:unityLibrary] AndroidManifest.xml:34:9-32
41        android:version="1" />
41-->[:unityLibrary] AndroidManifest.xml:35:9-28
42    <uses-feature
42-->[:unityLibrary] AndroidManifest.xml:36:5-38:36
43        android:name="oculus.software.handtracking"
43-->[:unityLibrary] AndroidManifest.xml:37:9-52
44        android:required="false" />
44-->[:unityLibrary] AndroidManifest.xml:38:9-33
45
46    <uses-permission android:name="com.oculus.permission.HAND_TRACKING" />
46-->[:unityLibrary] AndroidManifest.xml:40:5-75
46-->[:unityLibrary] AndroidManifest.xml:40:22-72
47
48    <application
48-->src\main\AndroidManifest.xml:5:3-116
49        android:allowBackup="false"
49-->[:unityLibrary] AndroidManifest.xml:43:9-36
50        android:extractNativeLibs="true"
50-->src\main\AndroidManifest.xml:5:16-48
51        android:icon="@mipmap/app_icon"
51-->src\main\AndroidManifest.xml:5:82-113
52        android:label="@string/app_name"
52-->src\main\AndroidManifest.xml:5:49-81
53        android:networkSecurityConfig="@xml/network_sec_config" >
53-->[:unityLibrary] AndroidManifest.xml:46:9-64
54        <activity
54-->[:unityLibrary] AndroidManifest.xml:47:9-71:20
55            android:name="com.unity3d.player.UnityPlayerActivity"
55-->[:unityLibrary] AndroidManifest.xml:48:13-66
56            android:configChanges="keyboard|keyboardHidden|navigation|orientation|screenLayout|screenSize|uiMode|density"
56-->[:unityLibrary] AndroidManifest.xml:49:13-122
57            android:hardwareAccelerated="false"
57-->[:unityLibrary] AndroidManifest.xml:50:13-48
58            android:launchMode="singleTask"
58-->[:unityLibrary] AndroidManifest.xml:51:13-44
59            android:resizeableActivity="false"
59-->[:unityLibrary] AndroidManifest.xml:52:13-47
60            android:screenOrientation="landscape"
60-->[:unityLibrary] AndroidManifest.xml:53:13-50
61            android:theme="@android:style/Theme.Black.NoTitleBar.Fullscreen" >
61-->[:unityLibrary] AndroidManifest.xml:54:13-77
62            <intent-filter>
62-->[:unityLibrary] AndroidManifest.xml:55:13-60:29
63                <action android:name="android.intent.action.MAIN" />
63-->[:unityLibrary] AndroidManifest.xml:56:17-69
63-->[:unityLibrary] AndroidManifest.xml:56:25-66
64
65                <category android:name="android.intent.category.LAUNCHER" />
65-->[:unityLibrary] AndroidManifest.xml:58:17-77
65-->[:unityLibrary] AndroidManifest.xml:58:27-74
66                <category android:name="com.oculus.intent.category.VR" />
66-->[:unityLibrary] AndroidManifest.xml:59:17-74
66-->[:unityLibrary] AndroidManifest.xml:59:27-71
67            </intent-filter>
68
69            <meta-data
69-->[:unityLibrary] AndroidManifest.xml:62:13-64:40
70                android:name="unityplayer.UnityActivity"
70-->[:unityLibrary] AndroidManifest.xml:63:17-57
71                android:value="true" />
71-->[:unityLibrary] AndroidManifest.xml:64:17-37
72            <meta-data
72-->[:unityLibrary] AndroidManifest.xml:65:13-67:40
73                android:name="android.notch_support"
73-->[:unityLibrary] AndroidManifest.xml:66:17-53
74                android:value="true" />
74-->[:unityLibrary] AndroidManifest.xml:67:17-37
75            <meta-data
75-->[:unityLibrary] AndroidManifest.xml:68:13-70:40
76                android:name="com.oculus.vr.focusaware"
76-->[:unityLibrary] AndroidManifest.xml:69:17-56
77                android:value="true" />
77-->[:unityLibrary] AndroidManifest.xml:70:17-37
78        </activity>
79
80        <meta-data
80-->[:unityLibrary] AndroidManifest.xml:73:9-75:33
81            android:name="unity.splash-mode"
81-->[:unityLibrary] AndroidManifest.xml:74:13-45
82            android:value="0" />
82-->[:unityLibrary] AndroidManifest.xml:75:13-30
83        <meta-data
83-->[:unityLibrary] AndroidManifest.xml:76:9-78:36
84            android:name="unity.splash-enable"
84-->[:unityLibrary] AndroidManifest.xml:77:13-47
85            android:value="True" />
85-->[:unityLibrary] AndroidManifest.xml:78:13-33
86        <meta-data
86-->[:unityLibrary] AndroidManifest.xml:79:9-81:50
87            android:name="notch.config"
87-->[:unityLibrary] AndroidManifest.xml:80:13-40
88            android:value="portrait|landscape" />
88-->[:unityLibrary] AndroidManifest.xml:81:13-47
89        <meta-data
89-->[:unityLibrary] AndroidManifest.xml:82:9-84:68
90            android:name="unity.build-id"
90-->[:unityLibrary] AndroidManifest.xml:83:13-42
91            android:value="cb9c9885-c552-4257-94c4-dca1936717f9" />
91-->[:unityLibrary] AndroidManifest.xml:84:13-65
92        <meta-data
92-->[:unityLibrary] AndroidManifest.xml:85:9-87:35
93            android:name="com.oculus.handtracking.frequency"
93-->[:unityLibrary] AndroidManifest.xml:86:13-61
94            android:value="LOW" />
94-->[:unityLibrary] AndroidManifest.xml:87:13-32
95        <meta-data
95-->[:unityLibrary] AndroidManifest.xml:88:9-90:39
96            android:name="com.samsung.android.vr.application.mode"
96-->[:unityLibrary] AndroidManifest.xml:89:13-67
97            android:value="vr_only" />
97-->[:unityLibrary] AndroidManifest.xml:90:13-36
98        <meta-data
98-->[:unityLibrary] AndroidManifest.xml:91:9-93:37
99            android:name="com.unity.xr.oculus.LowOverheadMode"
99-->[:unityLibrary] AndroidManifest.xml:92:13-63
100            android:value="false" />
100-->[:unityLibrary] AndroidManifest.xml:93:13-34
101        <meta-data
101-->[:unityLibrary] AndroidManifest.xml:94:9-96:44
102            android:name="com.oculus.supportedDevices"
102-->[:unityLibrary] AndroidManifest.xml:95:13-55
103            android:value="quest|quest2" />
103-->[:unityLibrary] AndroidManifest.xml:96:13-41
104    </application>
105
106</manifest>